<?xml version="1.0" encoding="UTF-8"?>
<!-- Generated by org.testng.reporters.JUnitXMLReporter -->
<testsuite ignored="0" hostname="LAPTOP-JM3JDHES" failures="0" tests="4" name="Default test" time="0.189" errors="0" timestamp="2021-02-05T12:14:26 CST">
  <testcase classname="Test.DemoTwo" name="open" time="0.027"/>
  <testcase classname="Test.DemoTwo" name="addCustomer" time="0.007"/>
  <testcase classname="Test.DemoTwo" name="searchCustomer" time="0.003"/>
  <testcase classname="Test.DemoTwo" name="teardown" time="0.007"/>
</testsuite> <!-- Default test -->
