<?xml version="1.0" encoding="UTF-8"?>
<!-- Generated by org.testng.reporters.JUnitXMLReporter -->
<testsuite ignored="0" hostname="LAPTOP-JM3JDHES" failures="0" tests="7" name="Test" time="0.15" errors="0" timestamp="2021-02-05T12:16:11 CST">
  <testcase classname="Test.DemoTwo" name="open" time="0.02"/>
  <testcase classname="Test.DemoTwo" name="addCustomer" time="0.003"/>
  <testcase classname="Test.DemoTwo" name="searchCustomer" time="0.002"/>
  <testcase classname="Test.DemoTwo" name="teardown" time="0.003"/>
  <testcase classname="Test.DemoOne" name="setup" time="0.004"/>
  <testcase classname="Test.DemoOne" name="login" time="0.002"/>
  <testcase classname="Test.DemoOne" name="teardown" time="0.002"/>
</testsuite> <!-- Test -->
